{"C:\\Users\\user\\Desktop\\job-search\\src\\components\\ActionButton.vue": {"path":"C:\\Users\\user\\Desktop\\job-search\\src\\components\\ActionButton.vue","statementMap":{"0":{"start":{"line":4,"column":0},"end":{"line":6,"column":3}},"1":{"start":{"line":7,"column":0},"end":{"line":7,"column":25}},"2":{"start":{"line":8,"column":15},"end":{"line":10,"column":1}},"3":{"start":{"line":13,"column":0},"end":{"line":13,"column":13}},"4":{"start":{"line":15,"column":0},"end":{"line":17,"column":3}},"5":{"start":{"line":18,"column":0},"end":{"line":18,"column":24}},"6":{"start":{"line":19,"column":11},"end":{"line":19,"column":25}},"7":{"start":{"line":20,"column":19},"end":{"line":22,"column":1}},"8":{"start":{"line":24,"column":2},"end":{"line":24,"column":96}},"9":{"start":{"line":25,"column":2},"end":{"line":25,"column":49}}},"fnMap":{"0":{"name":"render","decl":{"start":{"line":23,"column":9},"end":{"line":23,"column":15}},"loc":{"start":{"line":23,"column":30},"end":{"line":25,"column":1}},"line":23}},"branchMap":{},"s":{"0":1,"1":1,"2":1,"3":1,"4":1,"5":1,"6":1,"7":1,"8":4,"9":1},"f":{"0":4},"b":{},"inputSourceMap":{"0":"{","1":"\"","2":"v","3":"e","4":"r","5":"s","6":"i","7":"o","8":"n","9":"\"","10":":","11":"3","12":",","13":"\"","14":"s","15":"o","16":"u","17":"r","18":"c","19":"e","20":"s","21":"\"","22":":","23":"[","24":"\"","25":"C","26":":","27":"\\","28":"\\","29":"U","30":"s","31":"e","32":"r","33":"s","34":"\\","35":"\\","36":"u","37":"s","38":"e","39":"r","40":"\\","41":"\\","42":"D","43":"e","44":"s","45":"k","46":"t","47":"o","48":"p","49":"\\","50":"\\","51":"j","52":"o","53":"b","54":"-","55":"s","56":"e","57":"a","58":"r","59":"c","60":"h","61":"\\","62":"\\","63":"s","64":"r","65":"c","66":"\\","67":"\\","68":"c","69":"o","70":"m","71":"p","72":"o","73":"n","74":"e","75":"n","76":"t","77":"s","78":"\\","79":"\\","80":"A","81":"c","82":"t","83":"i","84":"o","85":"n","86":"B","87":"u","88":"t","89":"t","90":"o","91":"n","92":".","93":"v","94":"u","95":"e","96":"\"","97":"]","98":",","99":"\"","100":"n","101":"a","102":"m","103":"e","104":"s","105":"\"","106":":","107":"[","108":"]","109":",","110":"\"","111":"m","112":"a","113":"p","114":"p","115":"i","116":"n","117":"g","118":"s","119":"\"","120":":","121":"\"","122":";","123":";","124":";","125":";","126":";","127":";","128":";","129":"e","130":"A","131":"S","132":"e","133":";","134":"E","135":"A","136":"C","137":"b","138":",","139":"I","140":"A","141":"A","142":"I","143":",","144":"E","145":"A","146":"A","147":"E","148":";","149":"A","150":"A","151":"C","152":"R","153":",","154":"C","155":"A","156":"A","157":"C","158":";","159":"A","160":"A","161":"A","162":"A","163":";","164":"A","165":"A","166":"A","167":"A","168":"\"","169":",","170":"\"","171":"f","172":"i","173":"l","174":"e","175":"\"","176":":","177":"\"","178":"C","179":":","180":"\\","181":"\\","182":"U","183":"s","184":"e","185":"r","186":"s","187":"\\","188":"\\","189":"u","190":"s","191":"e","192":"r","193":"\\","194":"\\","195":"D","196":"e","197":"s","198":"k","199":"t","200":"o","201":"p","202":"\\","203":"\\","204":"j","205":"o","206":"b","207":"-","208":"s","209":"e","210":"a","211":"r","212":"c","213":"h","214":"\\","215":"\\","216":"s","217":"r","218":"c","219":"\\","220":"\\","221":"c","222":"o","223":"m","224":"p","225":"o","226":"n","227":"e","228":"n","229":"t","230":"s","231":"\\","232":"\\","233":"A","234":"c","235":"t","236":"i","237":"o","238":"n","239":"B","240":"u","241":"t","242":"t","243":"o","244":"n","245":".","246":"v","247":"u","248":"e","249":"\"","250":",","251":"\"","252":"s","253":"o","254":"u","255":"r","256":"c","257":"e","258":"s","259":"C","260":"o","261":"n","262":"t","263":"e","264":"n","265":"t","266":"\"","267":":","268":"[","269":"\"","270":"<","271":"t","272":"e","273":"m","274":"p","275":"l","276":"a","277":"t","278":"e","279":">","280":"\\","281":"n","282":" ","283":" ","284":"<","285":"b","286":"u","287":"t","288":"t","289":"o","290":"n","291":"\\","292":"n","293":" ","294":" ","295":" ","296":" ","297":"c","298":"l","299":"a","300":"s","301":"s","302":"=","303":"\\","304":"\"","305":"p","306":"x","307":"-","308":"5","309":" ","310":"p","311":"y","312":"-","313":"3","314":" ","315":"f","316":"o","317":"n","318":"t","319":"-","320":"m","321":"e","322":"d","323":"i","324":"u","325":"m","326":" ","327":"t","328":"e","329":"x","330":"t","331":"-","332":"w","333":"h","334":"i","335":"t","336":"e","337":" ","338":"b","339":"o","340":"r","341":"d","342":"e","343":"r","344":"-","345":"0","346":" ","347":"r","348":"o","349":"u","350":"n","351":"d","352":"e","353":"d","354":" ","355":"b","356":"g","357":"-","358":"b","359":"r","360":"a","361":"n","362":"d","363":"-","364":"b","365":"l","366":"u","367":"e","368":"-","369":"1","370":" ","371":"h","372":"o","373":"v","374":"e","375":"r","376":":","377":"s","378":"h","379":"a","380":"d","381":"o","382":"w","383":"-","384":"b","385":"l","386":"u","387":"e","388":"\\","389":"\"","390":"\\","391":"n","392":" ","393":" ","394":">","395":"\\","396":"n","397":" ","398":" ","399":" ","400":" ","401":"S","402":"i","403":"g","404":"n","405":" ","406":"i","407":"n","408":"\\","409":"n","410":" ","411":" ","412":"<","413":"/","414":"b","415":"u","416":"t","417":"t","418":"o","419":"n","420":">","421":"\\","422":"n","423":"<","424":"/","425":"t","426":"e","427":"m","428":"p","429":"l","430":"a","431":"t","432":"e","433":">","434":"\\","435":"n","436":"\\","437":"n","438":"<","439":"s","440":"c","441":"r","442":"i","443":"p","444":"t","445":">","446":"\\","447":"n","448":"e","449":"x","450":"p","451":"o","452":"r","453":"t","454":" ","455":"d","456":"e","457":"f","458":"a","459":"u","460":"l","461":"t","462":" ","463":"{","464":"\\","465":"n","466":" ","467":" ","468":"n","469":"a","470":"m","471":"e","472":":","473":" ","474":"\\","475":"\"","476":"A","477":"c","478":"t","479":"i","480":"o","481":"n","482":"B","483":"u","484":"t","485":"t","486":"o","487":"n","488":"\\","489":"\"","490":",","491":"\\","492":"n","493":"}","494":";","495":"\\","496":"n","497":"<","498":"/","499":"s","500":"c","501":"r","502":"i","503":"p","504":"t","505":">","506":"\\","507":"n","508":"\"","509":"]","510":"}"},"_coverageSchema":"1a1c01bbd47fc00a2c39e90264f33305004495a9","hash":"9b391520096eb4c5df729b8b12482c5b3d4df598"}
,"C:\\Users\\user\\Desktop\\job-search\\src\\components\\MainNav.vue": {"path":"C:\\Users\\user\\Desktop\\job-search\\src\\components\\MainNav.vue","statementMap":{"0":{"start":{"line":4,"column":29},"end":{"line":4,"column":141}},"1":{"start":{"line":5,"column":0},"end":{"line":7,"column":3}},"2":{"start":{"line":8,"column":0},"end":{"line":8,"column":25}},"3":{"start":{"line":46,"column":0},"end":{"line":46,"column":13}},"4":{"start":{"line":48,"column":0},"end":{"line":50,"column":3}},"5":{"start":{"line":51,"column":0},"end":{"line":51,"column":24}},"6":{"start":{"line":52,"column":11},"end":{"line":52,"column":25}},"7":{"start":{"line":53,"column":19},"end":{"line":55,"column":1}},"8":{"start":{"line":56,"column":19},"end":{"line":58,"column":1}},"9":{"start":{"line":59,"column":19},"end":{"line":61,"column":1}},"10":{"start":{"line":62,"column":19},"end":{"line":62,"column":27}},"11":{"start":{"line":63,"column":19},"end":{"line":65,"column":1}},"12":{"start":{"line":66,"column":19},"end":{"line":68,"column":1}},"13":{"start":{"line":69,"column":19},"end":{"line":72,"column":1}},"14":{"start":{"line":73,"column":19},"end":{"line":75,"column":1}},"15":{"start":{"line":77,"column":35},"end":{"line":77,"column":78}},"16":{"start":{"line":78,"column":35},"end":{"line":78,"column":78}},"17":{"start":{"line":79,"column":2},"end":{"line":95,"column":48}},"18":{"start":{"line":83,"column":4},"end":{"line":87,"column":107}},"19":{"start":{"line":96,"column":2},"end":{"line":96,"column":49}}},"fnMap":{"0":{"name":"render","decl":{"start":{"line":76,"column":9},"end":{"line":76,"column":15}},"loc":{"start":{"line":76,"column":30},"end":{"line":96,"column":1}},"line":76},"1":{"name":"(anonymous_1)","decl":{"start":{"line":82,"column":292},"end":{"line":82,"column":293}},"loc":{"start":{"line":82,"column":304},"end":{"line":88,"column":3}},"line":82}},"branchMap":{"0":{"loc":{"start":{"line":88,"column":87},"end":{"line":95,"column":39}},"type":"cond-expr","locations":[{"start":{"line":88,"column":104},"end":{"line":91,"column":4}},{"start":{"line":91,"column":9},"end":{"line":95,"column":38}}],"line":88}},"s":{"0":1,"1":1,"2":1,"3":1,"4":1,"5":1,"6":1,"7":1,"8":1,"9":1,"10":1,"11":1,"12":1,"13":1,"14":1,"15":5,"16":5,"17":5,"18":30,"19":1},"f":{"0":5,"1":30},"b":{"0":[1,4]},"inputSourceMap":{"0":"{","1":"\"","2":"v","3":"e","4":"r","5":"s","6":"i","7":"o","8":"n","9":"\"","10":":","11":"3","12":",","13":"\"","14":"s","15":"o","16":"u","17":"r","18":"c","19":"e","20":"s","21":"\"","22":":","23":"[","24":"\"","25":"C","26":":","27":"\\","28":"\\","29":"U","30":"s","31":"e","32":"r","33":"s","34":"\\","35":"\\","36":"u","37":"s","38":"e","39":"r","40":"\\","41":"\\","42":"D","43":"e","44":"s","45":"k","46":"t","47":"o","48":"p","49":"\\","50":"\\","51":"j","52":"o","53":"b","54":"-","55":"s","56":"e","57":"a","58":"r","59":"c","60":"h","61":"\\","62":"\\","63":"s","64":"r","65":"c","66":"\\","67":"\\","68":"c","69":"o","70":"m","71":"p","72":"o","73":"n","74":"e","75":"n","76":"t","77":"s","78":"\\","79":"\\","80":"M","81":"a","82":"i","83":"n","84":"N","85":"a","86":"v","87":".","88":"v","89":"u","90":"e","91":"\"","92":"]","93":",","94":"\"","95":"n","96":"a","97":"m","98":"e","99":"s","100":"\"","101":":","102":"[","103":"]","104":",","105":"\"","106":"m","107":"a","108":"p","109":"p","110":"i","111":"n","112":"g","113":"s","114":"\"","115":":","116":"\"","117":";","118":";","119":";","120":";","121":";","122":";","123":";","124":";","125":"A","126":"A","127":"+","128":"C","129":"A","130":";","131":"A","132":"A","133":"A","134":"A","135":";","136":"A","137":"A","138":"A","139":"A","140":";","141":"A","142":"A","143":"C","144":"A","145":";","146":"A","147":"A","148":"A","149":"A","150":";","151":"A","152":"A","153":"A","154":"A","155":";","156":"A","157":"A","158":"A","159":"8","160":"C","161":";","162":"A","163":"A","164":"A","165":"A","166":",","167":"e","168":"A","169":"E","170":"/","171":"B","172":";","173":"E","174":"A","175":"C","176":"b","177":",","178":"I","179":"A","180":"A","181":"I","182":",","183":"E","184":"A","185":"A","186":"E","187":",","188":"S","189":"A","190":"A","191":"S","192":";","193":"E","194":"A","195":"C","196":"f","197":",","198":"U","199":"A","200":"A","201":"U","202":",","203":"E","204":"A","205":"A","206":"E","207":";","208":"I","209":"A","210":"C","211":"V","212":",","213":"Y","214":"A","215":"A","216":"Y","217":";","218":"I","219":"A","220":"A","221":"Z","222":";","223":"I","224":"A","225":"A","226":"A","227":";","228":"I","229":"A","230":"A","231":"A","232":";","233":"I","234":"A","235":"A","236":"A","237":",","238":"O","239":"A","240":"A","241":"Y","242":";","243":"I","244":"A","245":"C","246":"Z","247":",","248":"Y","249":"A","250":"A","251":"Y","252":";","253":"I","254":"A","255":"A","256":"Z","257":";","258":"I","259":"A","260":"A","261":"A","262":";","263":"I","264":"A","265":"A","266":"A","267":";","268":"I","269":"A","270":"A","271":"A","272":";","273":"E","274":"A","275":"C","276":"F","277":",","278":"C","279":"A","280":"A","281":"C","282":";","283":"E","284":"A","285":"C","286":"D","287":",","288":"I","289":"A","290":"A","291":"I","292":",","293":"G","294":"A","295":"A","296":"G","297":";","298":"I","299":"A","300":"C","301":"L","302":",","303":"O","304":"A","305":"A","306":"O","307":";","308":"M","309":"A","310":"C","311":"L","312":",","313":"O","314":"A","315":"A","316":"O","317":",","318":"E","319":"A","320":"A","321":"E","322":",","323":"c","324":"A","325":"A","326":"c","327":";","328":"M","329":"A","330":"C","331":"v","332":"B","333":",","334":"G","335":"A","336":"A","337":"G","338":",","339":"E","340":"A","341":"A","342":"E","343":",","344":"q","345":"B","346":"A","347":"A","348":"q","349":"B","350":";","351":"M","352":"A","353":"C","354":"1","355":"B","356":",","357":"Q","358":"A","359":"A","360":"Q","361":",","362":"E","363":"A","364":"A","365":"E","366":",","367":"K","368":"A","369":"A","370":"K","371":";","372":"M","373":"A","374":"C","375":"f","376":",","377":"S","378":"A","379":"A","380":"S","381":",","382":"E","383":"A","384":"A","385":"E","386":",","387":"C","388":"A","389":"C","390":"T","391":",","392":"O","393":"A","394":"A","395":"O","396":",","397":"E","398":"A","399":"C","400":"P","401":",","402":"W","403":"A","404":"A","405":"W","406":",","407":"E","408":"A","409":"C","410":"X","411":",","412":"m","413":"B","414":"A","415":"A","416":"m","417":"B","418":",","419":"E","420":"A","421":"C","422":"n","423":"B","424":",","425":"a","426":"A","427":"A","428":"a","429":",","430":"E","431":"A","432":"C","433":"b","434":",","435":"U","436":"A","437":"A","438":"U","439":",","440":"E","441":"A","442":"C","443":"V","444":",","445":"M","446":"A","447":"A","448":"M","449":";","450":"I","451":"A","452":"E","453":"V","454":",","455":"C","456":"A","457":"A","458":"C","459":";","460":"E","461":"A","462":"C","463":"H","464":",","465":"C","466":"A","467":"A","468":"C","469":";","470":"E","471":"A","472":"C","473":"D","474":",","475":"O","476":"A","477":"A","478":"O","479":",","480":"E","481":"A","482":"A","483":"E","484":";","485":"I","486":"A","487":"C","488":"P","489":",","490":"W","491":"A","492":"A","493":"W","494":",","495":"G","496":"A","497":"A","498":"G","499":";","500":"M","501":"A","502":"C","503":"Z","504":",","505":"I","506":"A","507":"A","508":"I","509":",","510":"C","511":"A","512":"A","513":"C","514":",","515":"Q","516":"A","517":"A","518":"Q","519":",","520":"G","521":"A","522":"A","523":"G","524":",","525":"I","526":"A","527":"A","528":"I","529":";","530":"I","531":"A","532":"C","533":"t","534":"B","535":";","536":"E","537":"A","538":"C","539":"F","540":";","541":"A","542":"A","543":"C","544":"F","545":",","546":"C","547":"A","548":"A","549":"C","550":";","551":"A","552":"A","553":"A","554":"A","555":";","556":"A","557":"A","558":"A","559":"A","560":"\"","561":",","562":"\"","563":"f","564":"i","565":"l","566":"e","567":"\"","568":":","569":"\"","570":"C","571":":","572":"\\","573":"\\","574":"U","575":"s","576":"e","577":"r","578":"s","579":"\\","580":"\\","581":"u","582":"s","583":"e","584":"r","585":"\\","586":"\\","587":"D","588":"e","589":"s","590":"k","591":"t","592":"o","593":"p","594":"\\","595":"\\","596":"j","597":"o","598":"b","599":"-","600":"s","601":"e","602":"a","603":"r","604":"c","605":"h","606":"\\","607":"\\","608":"s","609":"r","610":"c","611":"\\","612":"\\","613":"c","614":"o","615":"m","616":"p","617":"o","618":"n","619":"e","620":"n","621":"t","622":"s","623":"\\","624":"\\","625":"M","626":"a","627":"i","628":"n","629":"N","630":"a","631":"v","632":".","633":"v","634":"u","635":"e","636":"\"","637":",","638":"\"","639":"s","640":"o","641":"u","642":"r","643":"c","644":"e","645":"s","646":"C","647":"o","648":"n","649":"t","650":"e","651":"n","652":"t","653":"\"","654":":","655":"[","656":"\"","657":"<","658":"t","659":"e","660":"m","661":"p","662":"l","663":"a","664":"t","665":"e","666":">","667":"\\","668":"n","669":" ","670":" ","671":"<","672":"h","673":"e","674":"a","675":"d","676":"e","677":"r","678":" ","679":"c","680":"l","681":"a","682":"s","683":"s","684":"=","685":"\\","686":"\"","687":"w","688":"-","689":"f","690":"u","691":"l","692":"l","693":" ","694":"t","695":"e","696":"x","697":"t","698":"-","699":"s","700":"m","701":"\\","702":"\"","703":">","704":"\\","705":"n","706":" ","707":" ","708":" ","709":" ","710":"<","711":"d","712":"i","713":"v","714":" ","715":"c","716":"l","717":"a","718":"s","719":"s","720":"=","721":"\\","722":"\"","723":"f","724":"i","725":"x","726":"e","727":"d","728":" ","729":"t","730":"o","731":"p","732":"-","733":"0","734":" ","735":"l","736":"e","737":"f","738":"t","739":"-","740":"0","741":" ","742":"w","743":"-","744":"f","745":"u","746":"l","747":"l","748":" ","749":"h","750":"-","751":"1","752":"6","753":" ","754":"b","755":"g","756":"-","757":"w","758":"h","759":"i","760":"t","761":"e","762":"\\","763":"\"","764":">","765":"\\","766":"n","767":" ","768":" ","769":" ","770":" ","771":" ","772":" ","773":"<","774":"d","775":"i","776":"v","777":"\\","778":"n","779":" ","780":" ","781":" ","782":" ","783":" ","784":" ","785":" ","786":" ","787":"c","788":"l","789":"a","790":"s","791":"s","792":"=","793":"\\","794":"\"","795":"f","796":"l","797":"e","798":"x","799":" ","800":"f","801":"l","802":"e","803":"x","804":"-","805":"n","806":"o","807":"w","808":"r","809":"a","810":"p","811":" ","812":"h","813":"-","814":"f","815":"u","816":"l","817":"l","818":" ","819":"p","820":"x","821":"-","822":"8","823":" ","824":"m","825":"x","826":"-","827":"a","828":"u","829":"t","830":"o","831":" ","832":"b","833":"o","834":"r","835":"d","836":"e","837":"r","838":"-","839":"b","840":" ","841":"b","842":"o","843":"r","844":"d","845":"e","846":"r","847":"-","848":"s","849":"o","850":"l","851":"i","852":"d","853":" ","854":"b","855":"o","856":"r","857":"d","858":"e","859":"r","860":"-","861":"b","862":"r","863":"a","864":"n","865":"d","866":"-","867":"g","868":"r","869":"a","870":"y","871":"-","872":"1","873":"\\","874":"\"","875":"\\","876":"n","877":" ","878":" ","879":" ","880":" ","881":" ","882":" ","883":">","884":"\\","885":"n","886":" ","887":" ","888":" ","889":" ","890":" ","891":" ","892":" ","893":" ","894":"<","895":"a","896":"\\","897":"n","898":" ","899":" ","900":" ","901":" ","902":" ","903":" ","904":" ","905":" ","906":" ","907":" ","908":":","909":"h","910":"r","911":"e","912":"f","913":"=","914":"\\","915":"\"","916":"u","917":"r","918":"l","919":"\\","920":"\"","921":"\\","922":"n","923":" ","924":" ","925":" ","926":" ","927":" ","928":" ","929":" ","930":" ","931":" ","932":" ","933":"c","934":"l","935":"a","936":"s","937":"s","938":"=","939":"\\","940":"\"","941":"f","942":"l","943":"e","944":"x","945":" ","946":"i","947":"t","948":"e","949":"m","950":"s","951":"-","952":"c","953":"e","954":"n","955":"t","956":"e","957":"r","958":" ","959":"h","960":"-","961":"f","962":"u","963":"l","964":"l","965":" ","966":"t","967":"e","968":"x","969":"t","970":"-","971":"x","972":"l","973":"\\","974":"\"","975":"\\","976":"n","977":" ","978":" ","979":" ","980":" ","981":" ","982":" ","983":" ","984":" ","985":">","986":"\\","987":"n","988":" ","989":" ","990":" ","991":" ","992":" ","993":" ","994":" ","995":" ","996":" ","997":" ","998":"{","999":"{","1000":" ","1001":"c","1002":"o","1003":"m","1004":"p","1005":"a","1006":"n","1007":"y","1008":" ","1009":"}","1010":"}","1011":"\\","1012":"n","1013":" ","1014":" ","1015":" ","1016":" ","1017":" ","1018":" ","1019":" ","1020":" ","1021":"<","1022":"/","1023":"a","1024":">","1025":"\\","1026":"n","1027":"\\","1028":"n","1029":" ","1030":" ","1031":" ","1032":" ","1033":" ","1034":" ","1035":" ","1036":" ","1037":"<","1038":"n","1039":"a","1040":"v","1041":" ","1042":"c","1043":"l","1044":"a","1045":"s","1046":"s","1047":"=","1048":"\\","1049":"\"","1050":"h","1051":"-","1052":"f","1053":"u","1054":"l","1055":"l","1056":" ","1057":"m","1058":"l","1059":"-","1060":"1","1061":"2","1062":"\\","1063":"\"","1064":">","1065":"\\","1066":"n","1067":" ","1068":" ","1069":" ","1070":" ","1071":" ","1072":" ","1073":" ","1074":" ","1075":" ","1076":" ","1077":"<","1078":"u","1079":"l","1080":" ","1081":"c","1082":"l","1083":"a","1084":"s","1085":"s","1086":"=","1087":"\\","1088":"\"","1089":"f","1090":"l","1091":"e","1092":"x","1093":" ","1094":"h","1095":"-","1096":"f","1097":"u","1098":"l","1099":"l","1100":" ","1101":"p","1102":"-","1103":"0","1104":" ","1105":"m","1106":"-","1107":"0","1108":" ","1109":"l","1110":"i","1111":"s","1112":"t","1113":"-","1114":"n","1115":"o","1116":"n","1117":"e","1118":"\\","1119":"\"","1120":">","1121":"\\","1122":"n","1123":" ","1124":" ","1125":" ","1126":" ","1127":" ","1128":" ","1129":" ","1130":" ","1131":" ","1132":" ","1133":" ","1134":" ","1135":"<","1136":"l","1137":"i","1138":"\\","1139":"n","1140":" ","1141":" ","1142":" ","1143":" ","1144":" ","1145":" ","1146":" ","1147":" ","1148":" ","1149":" ","1150":" ","1151":" ","1152":" ","1153":" ","1154":"v","1155":"-","1156":"f","1157":"o","1158":"r","1159":"=","1160":"\\","1161":"\"","1162":"m","1163":"e","1164":"n","1165":"u","1166":"I","1167":"t","1168":"e","1169":"m","1170":" ","1171":"i","1172":"n","1173":" ","1174":"m","1175":"e","1176":"n","1177":"u","1178":"I","1179":"t","1180":"e","1181":"m","1182":"s","1183":"\\","1184":"\"","1185":"\\","1186":"n","1187":" ","1188":" ","1189":" ","1190":" ","1191":" ","1192":" ","1193":" ","1194":" ","1195":" ","1196":" ","1197":" ","1198":" ","1199":" ","1200":" ","1201":":","1202":"k","1203":"e","1204":"y","1205":"=","1206":"\\","1207":"\"","1208":"m","1209":"e","1210":"n","1211":"u","1212":"I","1213":"t","1214":"e","1215":"m","1216":"\\","1217":"\"","1218":"\\","1219":"n","1220":" ","1221":" ","1222":" ","1223":" ","1224":" ","1225":" ","1226":" ","1227":" ","1228":" ","1229":" ","1230":" ","1231":" ","1232":" ","1233":" ","1234":"d","1235":"a","1236":"t","1237":"a","1238":"-","1239":"t","1240":"e","1241":"s","1242":"t","1243":"=","1244":"\\","1245":"\"","1246":"m","1247":"a","1248":"i","1249":"n","1250":"-","1251":"n","1252":"a","1253":"v","1254":"-","1255":"l","1256":"i","1257":"s","1258":"t","1259":"-","1260":"i","1261":"t","1262":"e","1263":"m","1264":"\\","1265":"\"","1266":"\\","1267":"n","1268":" ","1269":" ","1270":" ","1271":" ","1272":" ","1273":" ","1274":" ","1275":" ","1276":" ","1277":" ","1278":" ","1279":" ","1280":" ","1281":" ","1282":"c","1283":"l","1284":"a","1285":"s","1286":"s","1287":"=","1288":"\\","1289":"\"","1290":"h","1291":"-","1292":"f","1293":"u","1294":"l","1295":"l","1296":" ","1297":"m","1298":"l","1299":"-","1300":"9","1301":" ","1302":"f","1303":"i","1304":"r","1305":"s","1306":"t","1307":":","1308":"m","1309":"l","1310":"-","1311":"0","1312":"\\","1313":"\"","1314":"\\","1315":"n","1316":" ","1317":" ","1318":" ","1319":" ","1320":" ","1321":" ","1322":" ","1323":" ","1324":" ","1325":" ","1326":" ","1327":" ","1328":">","1329":"\\","1330":"n","1331":" ","1332":" ","1333":" ","1334":" ","1335":" ","1336":" ","1337":" ","1338":" ","1339":" ","1340":" ","1341":" ","1342":" ","1343":" ","1344":" ","1345":"<","1346":"a","1347":"\\","1348":"n","1349":" ","1350":" ","1351":" ","1352":" ","1353":" ","1354":" ","1355":" ","1356":" ","1357":" ","1358":" ","1359":" ","1360":" ","1361":" ","1362":" ","1363":" ","1364":" ","1365":"h","1366":"r","1367":"e","1368":"f","1369":"=","1370":"\\","1371":"\"","1372":"\\","1373":"\"","1374":"\\","1375":"n","1376":" ","1377":" ","1378":" ","1379":" ","1380":" ","1381":" ","1382":" ","1383":" ","1384":" ","1385":" ","1386":" ","1387":" ","1388":" ","1389":" ","1390":" ","1391":" ","1392":"c","1393":"l","1394":"a","1395":"s","1396":"s","1397":"=","1398":"\\","1399":"\"","1400":"f","1401":"l","1402":"e","1403":"x","1404":" ","1405":"i","1406":"t","1407":"e","1408":"m","1409":"s","1410":"-","1411":"c","1412":"e","1413":"n","1414":"t","1415":"e","1416":"r","1417":" ","1418":"h","1419":"-","1420":"f","1421":"u","1422":"l","1423":"l","1424":" ","1425":"p","1426":"y","1427":"-","1428":"2","1429":".","1430":"5","1431":"\\","1432":"\"","1433":"\\","1434":"n","1435":" ","1436":" ","1437":" ","1438":" ","1439":" ","1440":" ","1441":" ","1442":" ","1443":" ","1444":" ","1445":" ","1446":" ","1447":" ","1448":" ","1449":" ","1450":" ","1451":">","1452":"{","1453":"{","1454":" ","1455":"m","1456":"e","1457":"n","1458":"u","1459":"I","1460":"t","1461":"e","1462":"m","1463":" ","1464":"}","1465":"}","1466":"<","1467":"/","1468":"a","1469":"\\","1470":"n","1471":" ","1472":" ","1473":" ","1474":" ","1475":" ","1476":" ","1477":" ","1478":" ","1479":" ","1480":" ","1481":" ","1482":" ","1483":" ","1484":" ","1485":">","1486":"\\","1487":"n","1488":" ","1489":" ","1490":" ","1491":" ","1492":" ","1493":" ","1494":" ","1495":" ","1496":" ","1497":" ","1498":" ","1499":" ","1500":"<","1501":"/","1502":"l","1503":"i","1504":">","1505":"\\","1506":"n","1507":" ","1508":" ","1509":" ","1510":" ","1511":" ","1512":" ","1513":" ","1514":" ","1515":" ","1516":" ","1517":"<","1518":"/","1519":"u","1520":"l","1521":">","1522":"\\","1523":"n","1524":" ","1525":" ","1526":" ","1527":" ","1528":" ","1529":" ","1530":" ","1531":" ","1532":"<","1533":"/","1534":"n","1535":"a","1536":"v","1537":">","1538":"\\","1539":"n","1540":"\\","1541":"n","1542":" ","1543":" ","1544":" ","1545":" ","1546":" ","1547":" ","1548":" ","1549":" ","1550":"<","1551":"d","1552":"i","1553":"v","1554":" ","1555":"c","1556":"l","1557":"a","1558":"s","1559":"s","1560":"=","1561":"\\","1562":"\"","1563":"f","1564":"l","1565":"e","1566":"x","1567":" ","1568":"i","1569":"t","1570":"e","1571":"m","1572":"s","1573":"-","1574":"c","1575":"e","1576":"n","1577":"t","1578":"e","1579":"r","1580":" ","1581":"h","1582":"-","1583":"f","1584":"u","1585":"l","1586":"l","1587":" ","1588":"m","1589":"l","1590":"-","1591":"a","1592":"u","1593":"t","1594":"o","1595":"\\","1596":"\"","1597":">","1598":"\\","1599":"n","1600":" ","1601":" ","1602":" ","1603":" ","1604":" ","1605":" ","1606":" ","1607":" ","1608":" ","1609":" ","1610":"<","1611":"p","1612":"r","1613":"o","1614":"f","1615":"i","1616":"l","1617":"e","1618":"-","1619":"i","1620":"m","1621":"a","1622":"g","1623":"e","1624":"\\","1625":"n","1626":" ","1627":" ","1628":" ","1629":" ","1630":" ","1631":" ","1632":" ","1633":" ","1634":" ","1635":" ","1636":" ","1637":" ","1638":"v","1639":"-","1640":"i","1641":"f","1642":"=","1643":"\\","1644":"\"","1645":"i","1646":"s","1647":"L","1648":"o","1649":"g","1650":"g","1651":"e","1652":"d","1653":"\\","1654":"\"","1655":"\\","1656":"n","1657":" ","1658":" ","1659":" ","1660":" ","1661":" ","1662":" ","1663":" ","1664":" ","1665":" ","1666":" ","1667":" ","1668":" ","1669":"d","1670":"a","1671":"t","1672":"a","1673":"-","1674":"s","1675":"e","1676":"t","1677":"=","1678":"\\","1679":"\"","1680":"p","1681":"r","1682":"o","1683":"f","1684":"i","1685":"l","1686":"e","1687":"-","1688":"i","1689":"m","1690":"a","1691":"g","1692":"e","1693":"\\","1694":"\"","1695":"\\","1696":"n","1697":" ","1698":" ","1699":" ","1700":" ","1701":" ","1702":" ","1703":" ","1704":" ","1705":" ","1706":" ","1707":"/","1708":">","1709":"\\","1710":"n","1711":" ","1712":" ","1713":" ","1714":" ","1715":" ","1716":" ","1717":" ","1718":" ","1719":" ","1720":" ","1721":"<","1722":"a","1723":"c","1724":"t","1725":"i","1726":"o","1727":"n","1728":"-","1729":"b","1730":"u","1731":"t","1732":"t","1733":"o","1734":"n","1735":"\\","1736":"n","1737":" ","1738":" ","1739":" ","1740":" ","1741":" ","1742":" ","1743":" ","1744":" ","1745":" ","1746":" ","1747":" ","1748":" ","1749":"v","1750":"-","1751":"e","1752":"l","1753":"s","1754":"e","1755":"\\","1756":"n","1757":" ","1758":" ","1759":" ","1760":" ","1761":" ","1762":" ","1763":" ","1764":" ","1765":" ","1766":" ","1767":" ","1768":" ","1769":"d","1770":"a","1771":"t","1772":"a","1773":"-","1774":"s","1775":"e","1776":"t","1777":"=","1778":"\\","1779":"\"","1780":"l","1781":"o","1782":"g","1783":"i","1784":"n","1785":"-","1786":"b","1787":"u","1788":"t","1789":"t","1790":"o","1791":"n","1792":"\\","1793":"\"","1794":"\\","1795":"n","1796":" ","1797":" ","1798":" ","1799":" ","1800":" ","1801":" ","1802":" ","1803":" ","1804":" ","1805":" ","1806":" ","1807":" ","1808":"@","1809":"c","1810":"l","1811":"i","1812":"c","1813":"k","1814":"=","1815":"\\","1816":"\"","1817":"l","1818":"o","1819":"g","1820":"g","1821":"i","1822":"n","1823":"g","1824":"U","1825":"s","1826":"e","1827":"r","1828":"\\","1829":"\"","1830":"\\","1831":"n","1832":" ","1833":" ","1834":" ","1835":" ","1836":" ","1837":" ","1838":" ","1839":" ","1840":" ","1841":" ","1842":"/","1843":">","1844":"\\","1845":"n","1846":" ","1847":" ","1848":" ","1849":" ","1850":" ","1851":" ","1852":" ","1853":" ","1854":"<","1855":"/","1856":"d","1857":"i","1858":"v","1859":">","1860":"\\","1861":"n","1862":" ","1863":" ","1864":" ","1865":" ","1866":" ","1867":" ","1868":"<","1869":"/","1870":"d","1871":"i","1872":"v","1873":">","1874":"\\","1875":"n","1876":" ","1877":" ","1878":" ","1879":" ","1880":"<","1881":"/","1882":"d","1883":"i","1884":"v","1885":">","1886":"\\","1887":"n","1888":" ","1889":" ","1890":"<","1891":"/","1892":"h","1893":"e","1894":"a","1895":"d","1896":"e","1897":"r","1898":">","1899":"\\","1900":"n","1901":"<","1902":"/","1903":"t","1904":"e","1905":"m","1906":"p","1907":"l","1908":"a","1909":"t","1910":"e","1911":">","1912":"\\","1913":"n","1914":"\\","1915":"n","1916":"<","1917":"s","1918":"c","1919":"r","1920":"i","1921":"p","1922":"t","1923":">","1924":"\\","1925":"n","1926":"i","1927":"m","1928":"p","1929":"o","1930":"r","1931":"t","1932":" ","1933":"A","1934":"c","1935":"t","1936":"i","1937":"o","1938":"n","1939":"B","1940":"u","1941":"t","1942":"t","1943":"o","1944":"n","1945":" ","1946":"f","1947":"r","1948":"o","1949":"m","1950":" ","1951":"\\","1952":"\"","1953":".","1954":"/","1955":"A","1956":"c","1957":"t","1958":"i","1959":"o","1960":"n","1961":"B","1962":"u","1963":"t","1964":"t","1965":"o","1966":"n","1967":".","1968":"v","1969":"u","1970":"e","1971":"\\","1972":"\"","1973":";","1974":"\\","1975":"n","1976":"i","1977":"m","1978":"p","1979":"o","1980":"r","1981":"t","1982":" ","1983":"P","1984":"r","1985":"o","1986":"f","1987":"i","1988":"l","1989":"e","1990":"I","1991":"m","1992":"a","1993":"g","1994":"e","1995":" ","1996":"f","1997":"r","1998":"o","1999":"m","2000":" ","2001":"\\","2002":"\"","2003":".","2004":"/","2005":"P","2006":"r","2007":"o","2008":"f","2009":"i","2010":"l","2011":"e","2012":"I","2013":"m","2014":"a","2015":"g","2016":"e","2017":".","2018":"v","2019":"u","2020":"e","2021":"\\","2022":"\"","2023":";","2024":"\\","2025":"n","2026":"\\","2027":"n","2028":"e","2029":"x","2030":"p","2031":"o","2032":"r","2033":"t","2034":" ","2035":"d","2036":"e","2037":"f","2038":"a","2039":"u","2040":"l","2041":"t","2042":" ","2043":"{","2044":"\\","2045":"n","2046":" ","2047":" ","2048":"n","2049":"a","2050":"m","2051":"e","2052":":","2053":" ","2054":"\\","2055":"\"","2056":"M","2057":"a","2058":"i","2059":"n","2060":"N","2061":"a","2062":"v","2063":"\\","2064":"\"","2065":",","2066":"\\","2067":"n","2068":" ","2069":" ","2070":"c","2071":"o","2072":"m","2073":"p","2074":"o","2075":"n","2076":"e","2077":"n","2078":"t","2079":"s","2080":":","2081":" ","2082":"{","2083":"\\","2084":"n","2085":" ","2086":" ","2087":" ","2088":" ","2089":"A","2090":"c","2091":"t","2092":"i","2093":"o","2094":"n","2095":"B","2096":"u","2097":"t","2098":"t","2099":"o","2100":"n","2101":",","2102":"\\","2103":"n","2104":" ","2105":" ","2106":" ","2107":" ","2108":"P","2109":"r","2110":"o","2111":"f","2112":"i","2113":"l","2114":"e","2115":"I","2116":"m","2117":"a","2118":"g","2119":"e","2120":",","2121":"\\","2122":"n","2123":" ","2124":" ","2125":"}","2126":",","2127":"\\","2128":"n","2129":" ","2130":" ","2131":"d","2132":"a","2133":"t","2134":"a","2135":"(","2136":")","2137":" ","2138":"{","2139":"\\","2140":"n","2141":" ","2142":" ","2143":" ","2144":" ","2145":"r","2146":"e","2147":"t","2148":"u","2149":"r","2150":"n","2151":" ","2152":"{","2153":"\\","2154":"n","2155":" ","2156":" ","2157":" ","2158":" ","2159":" ","2160":" ","2161":"c","2162":"o","2163":"m","2164":"p","2165":"a","2166":"n","2167":"y","2168":":","2169":" ","2170":"\\","2171":"\"","2172":"B","2173":"o","2174":"b","2175":"o","2176":" ","2177":"C","2178":"a","2179":"r","2180":"e","2181":"e","2182":"r","2183":"s","2184":"\\","2185":"\"","2186":",","2187":"\\","2188":"n","2189":" ","2190":" ","2191":" ","2192":" ","2193":" ","2194":" ","2195":"u","2196":"r","2197":"l","2198":":","2199":" ","2200":"\\","2201":"\"","2202":"h","2203":"t","2204":"t","2205":"p","2206":"s","2207":":","2208":"/","2209":"/","2210":"y","2211":"o","2212":"u","2213":"t","2214":"u","2215":"b","2216":"e","2217":".","2218":"c","2219":"o","2220":"m","2221":"\\","2222":"\"","2223":",","2224":"\\","2225":"n","2226":" ","2227":" ","2228":" ","2229":" ","2230":" ","2231":" ","2232":"i","2233":"s","2234":"L","2235":"o","2236":"g","2237":"g","2238":"e","2239":"d","2240":":","2241":" ","2242":"f","2243":"a","2244":"l","2245":"s","2246":"e","2247":",","2248":"\\","2249":"n","2250":" ","2251":" ","2252":" ","2253":" ","2254":" ","2255":" ","2256":"m","2257":"e","2258":"n","2259":"u","2260":"I","2261":"t","2262":"e","2263":"m","2264":"s","2265":":","2266":" ","2267":"[","2268":"\\","2269":"n","2270":" ","2271":" ","2272":" ","2273":" ","2274":" ","2275":" ","2276":" ","2277":" ","2278":"\\","2279":"\"","2280":"T","2281":"e","2282":"a","2283":"m","2284":"s","2285":"\\","2286":"\"","2287":",","2288":"\\","2289":"n","2290":" ","2291":" ","2292":" ","2293":" ","2294":" ","2295":" ","2296":" ","2297":" ","2298":"\\","2299":"\"","2300":"L","2301":"o","2302":"c","2303":"a","2304":"t","2305":"i","2306":"o","2307":"n","2308":"s","2309":"\\","2310":"\"","2311":",","2312":"\\","2313":"n","2314":" ","2315":" ","2316":" ","2317":" ","2318":" ","2319":" ","2320":" ","2321":" ","2322":"\\","2323":"\"","2324":"L","2325":"i","2326":"f","2327":"e","2328":" ","2329":"a","2330":"t","2331":" ","2332":"B","2333":"o","2334":"b","2335":"o","2336":" ","2337":"C","2338":"o","2339":"r","2340":"p","2341":"\\","2342":"\"","2343":",","2344":"\\","2345":"n","2346":" ","2347":" ","2348":" ","2349":" ","2350":" ","2351":" ","2352":" ","2353":" ","2354":"\\","2355":"\"","2356":"H","2357":"o","2358":"w","2359":" ","2360":"w","2361":"e","2362":" ","2363":"h","2364":"i","2365":"r","2366":"e","2367":"\\","2368":"\"","2369":",","2370":"\\","2371":"n","2372":" ","2373":" ","2374":" ","2375":" ","2376":" ","2377":" ","2378":" ","2379":" ","2380":"\\","2381":"\"","2382":"S","2383":"t","2384":"u","2385":"d","2386":"e","2387":"n","2388":"t","2389":"s","2390":"\\","2391":"\"","2392":",","2393":"\\","2394":"n","2395":" ","2396":" ","2397":" ","2398":" ","2399":" ","2400":" ","2401":" ","2402":" ","2403":"\\","2404":"\"","2405":"J","2406":"o","2407":"b","2408":"s","2409":"\\","2410":"\"","2411":",","2412":"\\","2413":"n","2414":" ","2415":" ","2416":" ","2417":" ","2418":" ","2419":" ","2420":"]","2421":",","2422":"\\","2423":"n","2424":" ","2425":" ","2426":" ","2427":" ","2428":"}","2429":";","2430":"\\","2431":"n","2432":" ","2433":" ","2434":"}","2435":",","2436":"\\","2437":"n","2438":" ","2439":" ","2440":"m","2441":"e","2442":"t","2443":"h","2444":"o","2445":"d","2446":"s","2447":":","2448":" ","2449":"{","2450":"\\","2451":"n","2452":" ","2453":" ","2454":" ","2455":" ","2456":"l","2457":"o","2458":"g","2459":"g","2460":"i","2461":"n","2462":"g","2463":"U","2464":"s","2465":"e","2466":"r","2467":"(","2468":")","2469":" ","2470":"{","2471":"\\","2472":"n","2473":" ","2474":" ","2475":" ","2476":" ","2477":" ","2478":" ","2479":"t","2480":"h","2481":"i","2482":"s","2483":".","2484":"i","2485":"s","2486":"L","2487":"o","2488":"g","2489":"g","2490":"e","2491":"d","2492":" ","2493":"=","2494":" ","2495":"t","2496":"r","2497":"u","2498":"e","2499":";","2500":"\\","2501":"n","2502":" ","2503":" ","2504":" ","2505":" ","2506":"}","2507":",","2508":"\\","2509":"n","2510":" ","2511":" ","2512":"}","2513":",","2514":"\\","2515":"n","2516":"}","2517":";","2518":"\\","2519":"n","2520":"<","2521":"/","2522":"s","2523":"c","2524":"r","2525":"i","2526":"p","2527":"t","2528":">","2529":"\\","2530":"n","2531":"\"","2532":"]","2533":"}"},"_coverageSchema":"1a1c01bbd47fc00a2c39e90264f33305004495a9","hash":"a43eb3708ee5d37227ee9fa78f65c3231715c097"}
,"C:\\Users\\user\\Desktop\\job-search\\src\\components\\ProfileImage.vue": {"path":"C:\\Users\\user\\Desktop\\job-search\\src\\components\\ProfileImage.vue","statementMap":{"0":{"start":{"line":4,"column":0},"end":{"line":6,"column":3}},"1":{"start":{"line":7,"column":0},"end":{"line":7,"column":25}},"2":{"start":{"line":8,"column":15},"end":{"line":15,"column":1}},"3":{"start":{"line":11,"column":4},"end":{"line":13,"column":6}},"4":{"start":{"line":18,"column":0},"end":{"line":18,"column":13}},"5":{"start":{"line":20,"column":0},"end":{"line":22,"column":3}},"6":{"start":{"line":23,"column":0},"end":{"line":23,"column":24}},"7":{"start":{"line":24,"column":11},"end":{"line":24,"column":25}},"8":{"start":{"line":25,"column":19},"end":{"line":25,"column":26}},"9":{"start":{"line":27,"column":2},"end":{"line":30,"column":38}},"10":{"start":{"line":31,"column":2},"end":{"line":31,"column":49}}},"fnMap":{"0":{"name":"(anonymous_0)","decl":{"start":{"line":10,"column":2},"end":{"line":10,"column":3}},"loc":{"start":{"line":10,"column":9},"end":{"line":14,"column":3}},"line":10},"1":{"name":"render","decl":{"start":{"line":26,"column":9},"end":{"line":26,"column":15}},"loc":{"start":{"line":26,"column":30},"end":{"line":31,"column":1}},"line":26}},"branchMap":{},"s":{"0":1,"1":1,"2":1,"3":1,"4":1,"5":1,"6":1,"7":1,"8":1,"9":1,"10":1},"f":{"0":1,"1":1},"b":{},"inputSourceMap":{"0":"{","1":"\"","2":"v","3":"e","4":"r","5":"s","6":"i","7":"o","8":"n","9":"\"","10":":","11":"3","12":",","13":"\"","14":"s","15":"o","16":"u","17":"r","18":"c","19":"e","20":"s","21":"\"","22":":","23":"[","24":"\"","25":"C","26":":","27":"\\","28":"\\","29":"U","30":"s","31":"e","32":"r","33":"s","34":"\\","35":"\\","36":"u","37":"s","38":"e","39":"r","40":"\\","41":"\\","42":"D","43":"e","44":"s","45":"k","46":"t","47":"o","48":"p","49":"\\","50":"\\","51":"j","52":"o","53":"b","54":"-","55":"s","56":"e","57":"a","58":"r","59":"c","60":"h","61":"\\","62":"\\","63":"s","64":"r","65":"c","66":"\\","67":"\\","68":"c","69":"o","70":"m","71":"p","72":"o","73":"n","74":"e","75":"n","76":"t","77":"s","78":"\\","79":"\\","80":"P","81":"r","82":"o","83":"f","84":"i","85":"l","86":"e","87":"I","88":"m","89":"a","90":"g","91":"e","92":".","93":"v","94":"u","95":"e","96":"\"","97":"]","98":",","99":"\"","100":"n","101":"a","102":"m","103":"e","104":"s","105":"\"","106":":","107":"[","108":"]","109":",","110":"\"","111":"m","112":"a","113":"p","114":"p","115":"i","116":"n","117":"g","118":"s","119":"\"","120":":","121":"\"","122":";","123":";","124":";","125":";","126":";","127":";","128":";","129":"e","130":"A","131":"Q","132":"e","133":";","134":"E","135":"A","136":"C","137":"b","138":",","139":"I","140":"A","141":"A","142":"I","143":",","144":"E","145":"A","146":"A","147":"E","148":",","149":"c","150":"A","151":"A","152":"c","153":";","154":"E","155":"A","156":"C","157":"p","158":"B","159":",","160":"I","161":"A","162":"A","163":"I","164":",","165":"G","166":"A","167":"A","168":"G","169":";","170":"I","171":"A","172":"C","173":"L","174":",","175":"O","176":"A","177":"A","178":"O","179":";","180":"M","181":"A","182":"C","183":"L","184":",","185":"S","186":"A","187":"A","188":"S","189":",","190":"E","191":"A","192":"A","193":"E","194":";","195":"I","196":"A","197":"C","198":"b","199":",","200":"C","201":"A","202":"A","203":"C","204":";","205":"E","206":"A","207":"C","208":"H","209":";","210":"A","211":"A","212":"C","213":"F","214":",","215":"C","216":"A","217":"A","218":"C","219":";","220":"A","221":"A","222":"A","223":"A","224":";","225":"A","226":"A","227":"A","228":"A","229":"\"","230":",","231":"\"","232":"f","233":"i","234":"l","235":"e","236":"\"","237":":","238":"\"","239":"C","240":":","241":"\\","242":"\\","243":"U","244":"s","245":"e","246":"r","247":"s","248":"\\","249":"\\","250":"u","251":"s","252":"e","253":"r","254":"\\","255":"\\","256":"D","257":"e","258":"s","259":"k","260":"t","261":"o","262":"p","263":"\\","264":"\\","265":"j","266":"o","267":"b","268":"-","269":"s","270":"e","271":"a","272":"r","273":"c","274":"h","275":"\\","276":"\\","277":"s","278":"r","279":"c","280":"\\","281":"\\","282":"c","283":"o","284":"m","285":"p","286":"o","287":"n","288":"e","289":"n","290":"t","291":"s","292":"\\","293":"\\","294":"P","295":"r","296":"o","297":"f","298":"i","299":"l","300":"e","301":"I","302":"m","303":"a","304":"g","305":"e","306":".","307":"v","308":"u","309":"e","310":"\"","311":",","312":"\"","313":"s","314":"o","315":"u","316":"r","317":"c","318":"e","319":"s","320":"C","321":"o","322":"n","323":"t","324":"e","325":"n","326":"t","327":"\"","328":":","329":"[","330":"\"","331":"<","332":"t","333":"e","334":"m","335":"p","336":"l","337":"a","338":"t","339":"e","340":">","341":"\\","342":"n","343":" ","344":" ","345":"<","346":"i","347":"m","348":"g","349":"\\","350":"n","351":" ","352":" ","353":" ","354":" ","355":":","356":"s","357":"r","358":"c","359":"=","360":"\\","361":"\"","362":"i","363":"m","364":"a","365":"g","366":"e","367":"L","368":"i","369":"n","370":"k","371":"\\","372":"\"","373":"\\","374":"n","375":" ","376":" ","377":" ","378":" ","379":"c","380":"l","381":"a","382":"s","383":"s","384":"=","385":"\\","386":"\"","387":"w","388":"-","389":"8","390":" ","391":"h","392":"-","393":"8","394":" ","395":"o","396":"b","397":"j","398":"e","399":"c","400":"t","401":"-","402":"c","403":"o","404":"n","405":"t","406":"a","407":"i","408":"n","409":" ","410":"r","411":"o","412":"u","413":"n","414":"d","415":"e","416":"d","417":"-","418":"3","419":"x","420":"l","421":"\\","422":"\"","423":"\\","424":"n","425":" ","426":" ","427":"/","428":">","429":"\\","430":"n","431":"<","432":"/","433":"t","434":"e","435":"m","436":"p","437":"l","438":"a","439":"t","440":"e","441":">","442":"\\","443":"n","444":"\\","445":"n","446":"<","447":"s","448":"c","449":"r","450":"i","451":"p","452":"t","453":">","454":"\\","455":"n","456":"e","457":"x","458":"p","459":"o","460":"r","461":"t","462":" ","463":"d","464":"e","465":"f","466":"a","467":"u","468":"l","469":"t","470":" ","471":"{","472":"\\","473":"n","474":" ","475":" ","476":"n","477":"a","478":"m","479":"e","480":":","481":" ","482":"\\","483":"\"","484":"P","485":"r","486":"o","487":"f","488":"i","489":"l","490":"e","491":"I","492":"m","493":"a","494":"g","495":"e","496":"\\","497":"\"","498":",","499":"\\","500":"n","501":" ","502":" ","503":"d","504":"a","505":"t","506":"a","507":"(","508":")","509":" ","510":"{","511":"\\","512":"n","513":" ","514":" ","515":" ","516":" ","517":"r","518":"e","519":"t","520":"u","521":"r","522":"n","523":" ","524":"{","525":"\\","526":"n","527":" ","528":" ","529":" ","530":" ","531":" ","532":" ","533":"i","534":"m","535":"a","536":"g","537":"e","538":"L","539":"i","540":"n","541":"k","542":":","543":" ","544":"\\","545":"\"","546":"h","547":"t","548":"t","549":"p","550":"s","551":":","552":"/","553":"/","554":"c","555":"d","556":"n","557":"-","558":"i","559":"c","560":"o","561":"n","562":"s","563":"-","564":"p","565":"n","566":"g","567":".","568":"f","569":"l","570":"a","571":"t","572":"i","573":"c","574":"o","575":"n","576":".","577":"c","578":"o","579":"m","580":"/","581":"5","582":"1","583":"2","584":"/","585":"1","586":"4","587":"7","588":"/","589":"1","590":"4","591":"7","592":"1","593":"4","594":"4","595":".","596":"p","597":"n","598":"g","599":"\\","600":"\"","601":",","602":"\\","603":"n","604":" ","605":" ","606":" ","607":" ","608":"}","609":";","610":"\\","611":"n","612":" ","613":" ","614":"}","615":",","616":"\\","617":"n","618":"}","619":";","620":"\\","621":"n","622":"<","623":"/","624":"s","625":"c","626":"r","627":"i","628":"p","629":"t","630":">","631":"\\","632":"n","633":"\"","634":"]","635":"}"},"_coverageSchema":"1a1c01bbd47fc00a2c39e90264f33305004495a9","hash":"e6ee2b9567283032601a822430cb8bb2e25b1364"}
}
